<?xml version="1.0" encoding="UTF-8" ?>
<testsuite errors="1" failures="0" hostname="PCMathys" name="org.centrale.jeupendu.GestionDonneesTest" skipped="0" tests="1" time="0.135" timestamp="2026-01-12T16:36:34">
  <properties>
[...]
</properties>
  <testcase classname="org.centrale.jeupendu.GestionDonneesTest" name="initializationError" time="0.01">
    <error message="Invalid test class &apos;org.centrale.jeupendu.GestionDonneesTest&apos;:&#xa;  1. The class org.centrale.jeupendu.GestionDonneesTest is not public.&#xa;  2. Test class should have exactly one public constructor&#xa;  3. No runnable methods" type="org.junit.runners.model.InvalidTestClassError">org.junit.runners.model.InvalidTestClassError: Invalid test class &apos;org.centrale.jeupendu.GestionDonneesTest&apos;:
  1. The class org.centrale.jeupendu.GestionDonneesTest is not public.
  2. Test class should have exactly one public constructor
  3. No runnable methods
	at java.base/jdk.internal.reflect.DirectConstructorHandleAccessor.newInstance(DirectConstructorHandleAccessor.java:62)
	at java.base/java.lang.reflect.Constructor.newInstanceWithCaller(Constructor.java:502)
	at java.base/java.lang.reflect.Constructor.newInstance(Constructor.java:486)
</error>
  </testcase>
  <system-out><![CDATA[]]></system-out>
  <system-err><![CDATA[]]></system-err>
</testsuite>
